<?xml version="1.0" encoding="UTF-8"?>
<testng-results skipped="0" failed="0" total="1" passed="1">
  <reporter-output>
    <line>
      <![CDATA[{
  "args": {}, 
  "headers": {
    "Accept": "*/*", 
    "Accept-Encoding": "gzip,deflate", 
    "Host": "httpbin.org", 
    "User-Agent": "Apache-HttpClient/4.2.6 (java 1.5)"
  }, 
  "origin": "1.186.29.6", 
  "url": "https://httpbin.org/get"
}
]]>
    </line>
  </reporter-output>
  <suite name="ClientName-ModuleName" duration-ms="0" started-at="2016-05-13T06:39:29Z" finished-at="2016-05-13T06:39:29Z">
    <groups>
    </groups>
  </suite> <!-- ClientName-ModuleName -->
  <suite name="Setup" duration-ms="4699" started-at="2016-05-13T06:39:24Z" finished-at="2016-05-13T06:39:29Z">
    <groups>
    </groups>
    <test name="SampleTestCase" duration-ms="4699" started-at="2016-05-13T06:39:24Z" finished-at="2016-05-13T06:39:29Z">
      <class name="com.glukoo.testscript.SampleTestScript">
        <test-method status="PASS" signature="preSetup()[pri:0, instance:com.glukoo.testscript.SampleTestScript@58651fd0]" name="preSetup" is-config="true" duration-ms="18" started-at="2016-05-13T12:09:24Z" finished-at="2016-05-13T12:09:24Z">
          <reporter-output>
          </reporter-output>
        </test-method> <!-- preSetup -->
        <test-method status="PASS" signature="setup()[pri:0, instance:com.glukoo.testscript.SampleTestScript@58651fd0]" name="setup" is-config="true" duration-ms="13" started-at="2016-05-13T12:09:24Z" finished-at="2016-05-13T12:09:24Z">
          <reporter-output>
          </reporter-output>
        </test-method> <!-- setup -->
        <test-method status="PASS" signature="testScenario1()[pri:0, instance:com.glukoo.testscript.SampleTestScript@58651fd0]" name="testScenario1" duration-ms="4668" started-at="2016-05-13T12:09:24Z" finished-at="2016-05-13T12:09:29Z">
          <reporter-output>
            <line>
              <![CDATA[{
  "args": {}, 
  "headers": {
    "Accept": "*/*", 
    "Accept-Encoding": "gzip,deflate", 
    "Host": "httpbin.org", 
    "User-Agent": "Apache-HttpClient/4.2.6 (java 1.5)"
  }, 
  "origin": "1.186.29.6", 
  "url": "https://httpbin.org/get"
}
]]>
            </line>
          </reporter-output>
        </test-method> <!-- testScenario1 -->
        <test-method status="PASS" signature="tearDown()[pri:0, instance:com.glukoo.testscript.SampleTestScript@58651fd0]" name="tearDown" is-config="true" duration-ms="1" started-at="2016-05-13T12:09:29Z" finished-at="2016-05-13T12:09:29Z">
          <reporter-output>
          </reporter-output>
        </test-method> <!-- tearDown -->
        <test-method status="PASS" signature="teardown()[pri:0, instance:com.glukoo.testscript.SampleTestScript@58651fd0]" name="teardown" is-config="true" duration-ms="1" started-at="2016-05-13T12:09:29Z" finished-at="2016-05-13T12:09:29Z">
          <reporter-output>
          </reporter-output>
        </test-method> <!-- teardown -->
      </class> <!-- com.glukoo.testscript.SampleTestScript -->
    </test> <!-- SampleTestCase -->
  </suite> <!-- Setup -->
</testng-results>
